Zilog eZ80 Macro Assembler Version 4.3 (19073001)06-Mar-23     11:30:07     page:   1


PC     Object              I  Line    Source 
                           A     1    ;
                           A     2    ; Title:		AGON MOS - MOS assembly interfa
                           A     3    ; Author:		Jeroen Venema
                           A     4    ; Created:		15/10/2022
                           A     5    ; Last Updated:	26/11/2022
                           A     6    ; 
                           A     7    ; Modinfo:
                           A     8    ; 15/10/2022:		Added _putch, _getch
                           A     9    ; 21/10/2022:		Added _puts
                           A    10    ; 22/10/2022:		Added _waitvblank, _mos_f* 
                           A    11    ; 26/11/2022:       __putch, changed default ro
                           A    12    
                           B     0    	.include "mos_api.inc"
                           B     1    ;
                           B     2    ; Title:	AGON MOS - API for user projects
                           B     3    ; Author:	Dean Belfield
                           B     4    ; Created:	03/08/2022
                           B     5    ; Last Updated:	13/10/2022
                           B     6    ;
                           B     7    ; Modinfo:
                           B     8    ; 05/08/2022:	Added mos_feof
                           B     9    ; 09/08/2022:	Added system variables: cursorX
                           B    10    ; 18/08/2022:	Added system variables: scrchar
                           B    11    ; 05/09/2022:	Added mos_ren, vdp_pflag_mode
                           B    12    ; 24/09/2022:	Added mos_getError, mos_mkdir
                           B    13    ; 13/10/2022:	Added mos_oscli
                           B    14    
                           B    15    ; MOS high level functions
                           B    16    ;
       00000000            B    17    mos_getkey:		EQU	00h
       00000001            B    18    mos_load:		EQU	01h
       00000002            B    19    mos_save:		EQU	02h
       00000003            B    20    mos_cd:			EQU	03h
       00000004            B    21    mos_dir:		EQU	04h
       00000005            B    22    mos_del:		EQU	05h
       00000006            B    23    mos_ren:		EQU	06h
       00000007            B    24    mos_mkdir:		EQU	07h
       00000008            B    25    mos_sysvars:		EQU	08h
       00000009            B    26    mos_editline:		EQU	09h
       0000000A            B    27    mos_fopen:		EQU	0Ah
       0000000B            B    28    mos_fclose:		EQU	0Bh
       0000000C            B    29    mos_fgetc:		EQU	0Ch
       0000000D            B    30    mos_fputc:		EQU	0Dh
       0000000E            B    31    mos_feof:		EQU	0Eh
       0000000F            B    32    mos_getError:		EQU	0Fh
       00000010            B    33    mos_oscli:		EQU	10h
                           B    34    
                           B    35    ; FatFS file access functions
                           B    36    ;
       00000080            B    37    ffs_fopen:		EQU	80h
       00000081            B    38    ffs_fclose:		EQU	81h
       00000082            B    39    ffs_fread:		EQU	82h
       00000083            B    40    ffs_fwrite:		EQU	83h
       00000084            B    41    ffs_fseek:		EQU	84h
       00000085            B    42    ffs_ftruncate:		EQU	85h
       00000086            B    43    ffs_fsync:		EQU	86h
       00000087            B    44    ffs_fforward:		EQU	87h
       00000088            B    45    ffs_fexpand:		EQU	88h
       00000089            B    46    ffs_fgets:		EQU	89h
       0000008A            B    47    ffs_fputc:		EQU	8Ah
       0000008B            B    48    ffs_fputs:		EQU	8Bh
       0000008C            B    49    ffs_fprintf:		EQU	8Ch
       0000008D            B    50    ffs_ftell:		EQU	8Dh
       0000008E            B    51    ffs_feof:		EQU	8Eh
       0000008F            B    52    ffs_fsize:		EQU	8Fh
       00000090            B    53    ffs_ferror:		EQU	90h
                           B    54    
                           B    55    ; FatFS directory access functions
                           B    56    ;
       00000091            B    57    ffs_dopen:		EQU	91h
       00000092            B    58    ffs_dclose:		EQU	92h
       00000093            B    59    ffs_dread:		EQU	93h
       00000094            B    60    ffs_dfindfirst:		EQU	94h
       00000095            B    61    ffs_dfindnext:		EQU	95h
                           B    62    
                           B    63    ; FatFS file and directory management functions
                           B    64    ;
       00000096            B    65    ffs_stat:		EQU	96h
       00000097            B    66    ffs_unlink:		EQU	97h
       00000098            B    67    ffs_rename:		EQU	98h
       00000099            B    68    ffs_chmod:		EQU	99h
       0000009A            B    69    ffs_utime:		EQU	9Ah
       0000009B            B    70    ffs_mkdir:		EQU	9Bh
       0000009C            B    71    ffs_chdir:		EQU	9Ch
       0000009D            B    72    ffs_chdrive:		EQU	9Dh
       0000009E            B    73    ffs_getcwd:		EQU	9Eh
                           B    74    
                           B    75    ; FatFS volume management and system configurat
                           B    76    ;
       0000009F            B    77    ffs_mount:		EQU	9Fh
       000000A0            B    78    ffs_mkfs:		EQU	A0h
       000000A1            B    79    ffs_fdisk		EQU	A1h
       000000A2            B    80    ffs_getfree:		EQU	A2h
       000000A3            B    81    ffs_getlabel:		EQU	A3h
       000000A4            B    82    ffs_setlabel:		EQU	A4h
       000000A5            B    83    ffs_setcp:		EQU	A5h
                           B    84    	
                           B    85    ; File access modes
                           B    86    ;
       00000001            B    87    fa_read:		EQU	01h
       00000002            B    88    fa_write:		EQU	02h
       00000000            B    89    fa_open_existing:	EQU	00h
       00000004            B    90    fa_create_new:		EQU	04h
       00000008            B    91    fa_create_always:	EQU	08h
       00000010            B    92    fa_open_always:		EQU	10h
       00000030            B    93    fa_open_append:		EQU	30h
                           B    94    	
                           B    95    ; System variable indexes for api_sysvars
                           B    96    ; Index into _sysvars in globals.asm
                           B    97    ;
       00000000            B    98    sysvar_time:		EQU	00h
       00000004            B    99    sysvar_vpd_pflags:	EQU	04h
       00000005            B   100    sysvar_keycode:		EQU	05h
       00000006            B   101    sysvar_keymods:		EQU	06h
       00000007            B   102    sysvar_cursorX:		EQU	07h
       00000008            B   103    sysvar_cursorY:		EQU	08h
       00000009            B   104    sysvar_scrchar:		EQU	09h
       0000000A            B   105    sysvar_scrpixel:	EQU	0Ah
       0000000D            B   106    sysvar_audioChannel:	EQU	0Dh
       0000000E            B   107    syscar_audioSuccess:	EQU	0Eh
                           B   108    	
                           B   109    ; Flags for the VPD protocol
                           B   110    ;
       00000001            B   111    vdp_pflag_cursor:	EQU		00000001b
       00000002            B   112    vdp_pflag_scrchar:	EQU		00000010b
       00000004            B   113    vdp_pflag_point:	EQU		00000100b
       00000008            B   114    vdp_pflag_audio:	EQU		00001000b
       00000010            B   115    vdp_pflag_mode:		EQU		00010000b
                           B   116    	
                           B   117    ;
                           B   118    ; Macro for calling the API
                           B   119    ; Parameters:
                           B   120    ; - function: One of the function numbers liste
                           B   121    ;
                           B   122    MOSCALL:		MACRO	function
                           B   123    			LD	A, function
                           B   124    			RST.LIS	08h
                           B   125    			ENDMACRO 	
                           A    14    
                           A    15    	XDEF _putch
                           A    16    	XDEF __putch
                           A    17    	XDEF _getch
                           A    18    	XDEF __getch
                           A    19    	XDEF _waitvblank
                           A    20    	XDEF _mos_fopen
                           A    21    	XDEF _mos_fclose
                           A    22    	XDEF _mos_fgetc
                           A    23    	XDEF _mos_fputc
                           A    24    	XDEF _mos_feof
                           A    25    	XDEF _getsysvar8bit
                           A    26    	XDEF _getsysvar16bit
                           A    27    	XDEF _getsysvar24bit
                           A    28    	
                           A    29    	XDEF _getkeycode			;; JH
                           A    30    
                           A    31    	segment CODE
                           A    32    	.assume ADL=1
                           A    33    	
000000                     A    34    _putch:
000000                     A    35    __putch:
000000 FDE5                A    36    	push 	iy
000002 FD210000 00         A    37    	ld 		iy,0
000007 FD39                A    38    	add 	iy, sp
000009 FD7E06              A    39    	ld 		a, (iy+6)
00000C 5BD7                A    40    	rst.lil	10h
00000E 21000000            A    41    	ld		hl,0
000012 6F                  A    42    	ld		l,a
000013 FDF9                A    43    	ld		sp,iy
000015 FDE1                A    44    	pop		iy
000017 C9                  A    45    	ret
                           A    46    
000018                     A    47    _getch:
000018                     A    48    __getch:
000018 FDE5                A    49    	push iy
00001A DDE5                A    50    	push ix
00001C 3E08                A    51    	ld a, mos_sysvars			; MOS Call for 
00001E 5BCF                A    52    	rst.lil 08h					; returns point
000020                     A    53    _getch0:
000020 DD7E05              A    54    	ld a, (ix+sysvar_keycode)	; get current k
000023 B7                  A    55    	or a,a
000024 28 FA               A    56    	jr z, _getch0				; wait for keyp
                           A    57    	
000026 F5                  A    58    	push af						; debounce key,
000027 AF                  A    59    	xor a
000028 DD7705              A    60    	ld (ix+sysvar_keycode),a
00002B F1                  A    61    	pop af
00002C DDE1                A    62    	pop ix
00002E FDE1                A    63    	pop iy
000030 C9                  A    64    	ret
                           A    65    
                           A    66    ; _waitvblank:
                           A    67    	; push iy
                           A    68    	; ld a, mos_sysvars
                           A    69    	; rst.lil 08h
                           A    70    	; ld a, (iy + sysvar_time + 0)
                           A    71    ; $$:	cp a, (iy + sysvar_time + 0)
                           A    72    	; jr z, $B
                           A    73    	; pop iy
                           A    74    	; ret
                           A    75    	
000031                     A    76    _waitvblank:
000031 DDE5                A    77    	push ix
000033 3E08                A    78    	ld a, mos_sysvars
000035 5BCF                A    79    	rst.lil 08h
000037 DD7E00              A    80    	ld a, (ix + sysvar_time + 0)
00003A DDBE00              A    81    $$:	cp a, (ix + sysvar_time + 0)
00003D 28 FB               A    82    	jr z, $B
00003F DDE1                A    83    	pop ix
000041 C9                  A    84    	ret
                           A    85    
                           A    86    
                           A    87    ; _getsysvar8bit:
                           A    88    	; push iy
                           A    89    	; ld a, mos_sysvars
                           A    90    	; rst.lil 08h
                           A    91    	; ld a, (iy)					; sysvars b
                           A    92    	; ld d,0
                           A    93    	; ld e,a
                           A    94    	; add iy,de					; iy now points
                           A    95    	; ld a, (iy)
                           A    96    	; pop iy
                           A    97    	; ret
                           A    98    	
000042                     A    99    _getsysvar8bit:
000042 DDE5                A   100    	push ix
000044 C5                  A   101    	push bc
000045 4F                  A   102    	ld c, a    					; get parameter
000046 3E08                A   103    	ld a, mos_sysvars
000048 5BCF                A   104    	rst.lil 08h					; get sysvars p
00004A 0600                A   105    	ld b, 0
00004C DD09                A   106    	add ix, bc
00004E DD7E00              A   107    	ld a, (ix)					; return UINT8 
000051 C1                  A   108    	pop bc
000052 DDE1                A   109    	pop ix
000054 C9                  A   110    	ret
                           A   111    
                           A   112    ; TODO - 24 bit result!
000055                     A   113     _getsysvar16bit:
000055                     A   114     _getsysvar24bit:
000055 DDE5                A   115    	push ix
000057 C5                  A   116    	push bc
000058 4F                  A   117    	ld c, a    					; get parameter
000059 3E08                A   118    	ld a, mos_sysvars
00005B 5BCF                A   119    	rst.lil 08h					; get sysvars p
00005D 0600                A   120    	ld b, 0
00005F DD09                A   121    	add ix, bc
000061 DD2700              A   122    	ld hl, (ix)					; return UINT16
                           A   123    	;ld de, (ix + 2)
000064 C1                  A   124    	pop bc
000065 FDE1                A   125    	pop iy
000067 C9                  A   126    	ret
                           A   127    
                           A   128    ; JH
000068                     A   129    _getkeycode:
000068 DDE5                A   130    	push ix
00006A 3E00                A   131    	ld a, mos_getkey
00006C 5BCF                A   132    	rst.lil 08h					; keycode now i
00006E DDE1                A   133    	pop ix
000070 C9                  A   134    	ret
                           A   135    	
                           A   136    
000071                     A   137    _mos_fopen:
000071 FDE5                A   138    	push iy
000073 FD210000 00         A   139    	ld iy,0
000078 FD39                A   140    	add iy, sp
                           A   141    	
00007A FD2706              A   142    	ld hl, (iy+6)	; address to 0-terminated f
00007D FD4E09              A   143    	ld c,  (iy+9)	; mode : fa_read / fa_write
000080 3E0A                A   144    	ld a, mos_fopen
000082 5BCF                A   145    	rst.lil 08h		; returns filehandle in A
                           A   146    	
000084 FDF9                A   147    	ld sp,iy
000086 FDE1                A   148    	pop iy
000088 C9                  A   149    	ret	
                           A   150    
000089                     A   151    _mos_fclose:
000089 FDE5                A   152    	push iy
00008B FD210000 00         A   153    	ld iy,0
000090 FD39                A   154    	add iy, sp
                           A   155    	
000092 FD4E06              A   156    	ld c, (iy+6)	; filehandle, or 0 to close
000095 3E0B                A   157    	ld a, mos_fclose
000097 5BCF                A   158    	rst.lil 08h		; returns number of files s
                           A   159    	
000099 FDF9                A   160    	ld sp,iy
00009B FDE1                A   161    	pop iy
00009D C9                  A   162    	ret	
                           A   163    
00009E                     A   164    _mos_fgetc:
00009E FDE5                A   165    	push iy
0000A0 FD210000 00         A   166    	ld iy,0
0000A5 FD39                A   167    	add iy, sp
                           A   168    	
0000A7 FD4E06              A   169    	ld c, (iy+6)	; filehandle
0000AA 3E0C                A   170    	ld a, mos_fgetc
0000AC 5BCF                A   171    	rst.lil 08h		; returns character in A
                           A   172    	
0000AE FDF9                A   173    	ld sp,iy
0000B0 FDE1                A   174    	pop iy
0000B2 C9                  A   175    	ret	
                           A   176    
0000B3                     A   177    _mos_fputc:
0000B3 FDE5                A   178    	push iy
0000B5 FD210000 00         A   179    	ld iy,0
0000BA FD39                A   180    	add iy, sp
                           A   181    	
0000BC FD4E06              A   182    	ld c, (iy+6)	; filehandle
0000BF FD4609              A   183    	ld b, (iy+9)	; character to write
0000C2 3E0D                A   184    	ld a, mos_fputc
0000C4 5BCF                A   185    	rst.lil 08h		; returns nothing
                           A   186    	
0000C6 FDF9                A   187    	ld sp,iy
0000C8 FDE1                A   188    	pop iy
0000CA C9                  A   189    	ret	
                           A   190    
0000CB                     A   191    _mos_feof:
0000CB FDE5                A   192    	push iy
0000CD FD210000 00         A   193    	ld iy,0
0000D2 FD39                A   194    	add iy, sp
                           A   195    	
0000D4 FD4E06              A   196    	ld c, (iy+6)	; filehandle
0000D7 3E0E                A   197    	ld a, mos_feof
0000D9 5BCF                A   198    	rst.lil 08h		; returns A: 1 at End-of-Fi
                           A   199    	
0000DB FDF9                A   200    	ld sp,iy
0000DD FDE1                A   201    	pop iy
0000DF C9                  A   202    	ret	
                           A   203    
                           A   204    end
                           A   205    
                           A   206    	


Errors: 0
Warnings: 0
Lines Assembled: 330
